#
# There is insufficient memory for the Java Runtime Environment to continue.
# Native memory allocation (mmap) failed to map 268435456 bytes for Failed to commit area from 0x0000000701200000 to 0x0000000711200000 of length 268435456.
# Possible reasons:
#   The system is out of physical RAM or swap space
#   The process is running with CompressedOops enabled, and the Java Heap may be blocking the growth of the native heap
# Possible solutions:
#   Reduce memory load on the system
#   Increase physical memory or swap space
#   Check if swap backing store is full
#   Decrease Java heap size (-Xmx/-Xms)
#   Decrease number of Java threads
#   Decrease Java thread stack sizes (-Xss)
#   Set larger code cache with -XX:ReservedCodeCacheSize=
#   JVM is running with Zero Based Compressed Oops mode in which the Java heap is
#     placed in the first 32GB address space. The Java Heap base address is the
#     maximum limit for the native heap growth. Please use -XX:HeapBaseMinAddress
#     to set the Java Heap base and to place the Java Heap above 32GB virtual address.
# This output file may be truncated or incomplete.
#
#  Out of Memory Error (./open/src/hotspot/os/windows/os_windows.cpp:3315), pid=26980, tid=10604
#
# JRE version:  (14.0.2+12) (build )
# Java VM: Java HotSpot(TM) 64-Bit Server VM (14.0.2+12-46, mixed mode, sharing, tiered, compressed oops, g1 gc, windows-amd64)
# No core dump will be written. Minidumps are not enabled by default on client versions of Windows
#

---------------  S U M M A R Y ------------

Command Line: -Dfile.encoding=UTF-8 gcLab9.ShoppingListCollection

Host: Intel(R) Core(TM) i7-8750H CPU @ 2.20GHz, 12 cores, 15G,  Windows 10 , 64 bit Build 18362 (10.0.18362.1110)
Time: Wed Oct 21 19:31:06 2020 Eastern Daylight Time elapsed time: 0 seconds (0d 0h 0m 0s)

---------------  T H R E A D  ---------------

Current thread (0x000001aa2f86c800):  JavaThread "Unknown thread" [_thread_in_vm, id=10604, stack(0x0000006646200000,0x0000006646300000)]

Stack: [0x0000006646200000,0x0000006646300000]
Native frames: (J=compiled Java code, j=interpreted, Vv=VM code, C=native code)
V  [jvm.dll+0x5f8a9a]
V  [jvm.dll+0x74247a]
V  [jvm.dll+0x743c2f]
V  [jvm.dll+0x744273]
V  [jvm.dll+0x20d288]
V  [jvm.dll+0x5f5dea]
V  [jvm.dll+0x5eac45]
V  [jvm.dll+0x2c7e9c]
V  [jvm.dll+0x2c7cd2]
V  [jvm.dll+0x2cdbbc]
V  [jvm.dll+0x313fe8]
V  [jvm.dll+0x313710]
V  [jvm.dll+0x2a092a]
V  [jvm.dll+0x2a1a79]
V  [jvm.dll+0x71fd48]
V  [jvm.dll+0x321c14]
V  [jvm.dll+0x70112c]
V  [jvm.dll+0x392def]
V  [jvm.dll+0x394e61]
C  [jli.dll+0x524b]
C  [ucrtbase.dll+0x210b2]
C  [KERNEL32.DLL+0x17c24]
C  [ntdll.dll+0x6cea1]


---------------  P R O C E S S  ---------------

Threads class SMR info:
_java_thread_list=0x00007ffaf2753038, length=0, elements={
}

Java Threads: ( => current thread )

Other Threads:
  0x000001aa2f8d4000 GCTaskThread "GC Thread#0" [stack: 0x0000006646300000,0x0000006646400000] [id=12044]
  0x000001aa2f8f7000 ConcurrentGCThread "G1 Main Marker" [stack: 0x0000006646400000,0x0000006646500000] [id=22984]
  0x000001aa2f8f8000 ConcurrentGCThread "G1 Conc#0" [stack: 0x0000006646500000,0x0000006646600000] [id=18752]

[error occurred during error reporting (printing all threads), id 0xc0000005, EXCEPTION_ACCESS_VIOLATION (0xc0000005) at pc=0x00007ffaf1f81257]

VM state:not at safepoint (not fully initialized)

VM Mutex/Monitor currently owned by a thread:  ([mutex/lock_event])
[0x000001aa2f867d70] Heap_lock - owner thread: 0x000001aa2f86c800

Heap address: 0x0000000701200000, size: 4078 MB, Compressed Oops mode: Zero based, Oop shift amount: 3
Narrow klass base: 0x0000000000000000, Narrow klass shift: 0

GC Heap History (0 events):
No events

Deoptimization events (0 events):
No events

Classes unloaded (0 events):
No events

Classes redefined (0 events):
No events

Internal exceptions (0 events):
No events

Events (2 events):
Event: 0.007 Loaded shared library D:\Java\bin\java.dll
Event: 0.007 Loaded shared library D:\Java\bin\zip.dll


Dynamic libraries:
0x00007ff68d9c0000 - 0x00007ff68d9cf000 	D:\Java\bin\javaw.exe
0x00007ffb33e00000 - 0x00007ffb33ff0000 	C:\WINDOWS\SYSTEM32\ntdll.dll
0x00007ffb322d0000 - 0x00007ffb32382000 	C:\WINDOWS\System32\KERNEL32.DLL
0x00007ffb31740000 - 0x00007ffb319e5000 	C:\WINDOWS\System32\KERNELBASE.dll
0x00007ffb31b10000 - 0x00007ffb31c0a000 	C:\WINDOWS\System32\ucrtbase.dll
0x00007ffb2a660000 - 0x00007ffb2a675000 	D:\Java\bin\VCRUNTIME140.dll
0x00007ffb2c190000 - 0x00007ffb2c1a8000 	D:\Java\bin\jli.dll
0x00007ffb33d10000 - 0x00007ffb33db3000 	C:\WINDOWS\System32\ADVAPI32.dll
0x00007ffb337a0000 - 0x00007ffb3383e000 	C:\WINDOWS\System32\msvcrt.dll
0x00007ffb33700000 - 0x00007ffb33797000 	C:\WINDOWS\System32\sechost.dll
0x00007ffb33410000 - 0x00007ffb33530000 	C:\WINDOWS\System32\RPCRT4.dll
0x00007ffb328f0000 - 0x00007ffb32a84000 	C:\WINDOWS\System32\USER32.dll
0x00007ffb31a70000 - 0x00007ffb31a91000 	C:\WINDOWS\System32\win32u.dll
0x00007ffb16440000 - 0x00007ffb166c4000 	C:\WINDOWS\WinSxS\amd64_microsoft.windows.common-controls_6595b64144ccf1df_6.0.18362.1139_none_9e7bf2d3e4605ac6\COMCTL32.dll
0x00007ffb32a90000 - 0x00007ffb32ab6000 	C:\WINDOWS\System32\GDI32.dll
0x00007ffb31f80000 - 0x00007ffb322b5000 	C:\WINDOWS\System32\combase.dll
0x00007ffb30df0000 - 0x00007ffb30f86000 	C:\WINDOWS\System32\gdi32full.dll
0x00007ffb31cc0000 - 0x00007ffb31d5e000 	C:\WINDOWS\System32\msvcp_win.dll
0x00007ffb319f0000 - 0x00007ffb31a70000 	C:\WINDOWS\System32\bcryptPrimitives.dll
0x00007ffb2b920000 - 0x00007ffb2b92a000 	C:\WINDOWS\SYSTEM32\VERSION.dll
0x00007ffb33530000 - 0x00007ffb3355e000 	C:\WINDOWS\System32\IMM32.DLL
0x00007ffb1f990000 - 0x00007ffb1fa2b000 	D:\Java\bin\msvcp140.dll
0x00007ffaf1cd0000 - 0x00007ffaf27ee000 	D:\Java\bin\server\jvm.dll
0x00007ffb32390000 - 0x00007ffb32398000 	C:\WINDOWS\System32\PSAPI.DLL
0x00007ffb27800000 - 0x00007ffb27824000 	C:\WINDOWS\SYSTEM32\WINMM.dll
0x00007ffb27080000 - 0x00007ffb27089000 	C:\WINDOWS\SYSTEM32\WSOCK32.dll
0x00007ffb33690000 - 0x00007ffb336ff000 	C:\WINDOWS\System32\WS2_32.dll
0x00007ffb275c0000 - 0x00007ffb275ed000 	C:\WINDOWS\SYSTEM32\WINMMBASE.dll
0x00007ffb31aa0000 - 0x00007ffb31aea000 	C:\WINDOWS\System32\cfgmgr32.dll
0x00007ffb30d70000 - 0x00007ffb30d81000 	C:\WINDOWS\System32\kernel.appcore.dll
0x00007ffb2c250000 - 0x00007ffb2c25a000 	D:\Java\bin\jimage.dll
0x00007ffb2f5e0000 - 0x00007ffb2f7d4000 	C:\WINDOWS\SYSTEM32\DBGHELP.DLL
0x00007ffb29bb0000 - 0x00007ffb29bda000 	C:\WINDOWS\SYSTEM32\dbgcore.DLL
0x00007ffb26f00000 - 0x00007ffb26f25000 	D:\Java\bin\java.dll
0x00007ffb2c170000 - 0x00007ffb2c186000 	D:\Java\bin\zip.dll

dbghelp: loaded successfully - version: 4.0.5 - missing functions: none
symbol engine: initialized successfully - sym options: 0x614 - pdb path: .;D:\Java\bin;C:\WINDOWS\SYSTEM32;C:\WINDOWS\WinSxS\amd64_microsoft.windows.common-controls_6595b64144ccf1df_6.0.18362.1139_none_9e7bf2d3e4605ac6;D:\Java\bin\server

VM Arguments:
jvm_args: -Dfile.encoding=UTF-8 
java_command: gcLab9.ShoppingListCollection
java_class_path (initial): D:\elipse-workspace\gcLab9\bin;C:\Users\jicro\.p2\pool\plugins\org.junit.jupiter.api_5.6.0.v20200203-2009.jar;C:\Users\jicro\.p2\pool\plugins\org.junit.jupiter.engine_5.6.0.v20200203-2009.jar;C:\Users\jicro\.p2\pool\plugins\org.junit.jupiter.migrationsupport_5.6.0.v20200203-2009.jar;C:\Users\jicro\.p2\pool\plugins\org.junit.jupiter.params_5.6.0.v20200203-2009.jar;C:\Users\jicro\.p2\pool\plugins\org.junit.platform.commons_1.6.0.v20200203-2009.jar;C:\Users\jicro\.p2\pool\plugins\org.junit.platform.engine_1.6.0.v20200203-2009.jar;C:\Users\jicro\.p2\pool\plugins\org.junit.platform.launcher_1.6.0.v20200203-2009.jar;C:\Users\jicro\.p2\pool\plugins\org.junit.platform.runner_1.6.0.v20200203-2009.jar;C:\Users\jicro\.p2\pool\plugins\org.junit.platform.suite.api_1.6.0.v20200203-2009.jar;C:\Users\jicro\.p2\pool\plugins\org.junit.vintage.engine_5.6.0.v20200203-2009.jar;C:\Users\jicro\.p2\pool\plugins\org.opentest4j_1.2.0.v20190826-0900.jar;C:\Users\jicro\.p2\pool\plugins\org.apiguardian_1.1.0.v20190826-0900.jar;C:\Users\jicro\.p2\pool\plugins\org.junit_4.13.0.v20200204-1500.jar;C:\Users\jicro\.p2\pool\plugins\org.hamcrest.core_1.3.0.v20180420-1519.jar
Launcher Type: SUN_STANDARD

[Global flags]
     intx CICompilerCount                          = 4                                         {product} {ergonomic}
     uint ConcGCThreads                            = 3                                         {product} {ergonomic}
     uint G1ConcRefinementThreads                  = 10                                        {product} {ergonomic}
   size_t G1HeapRegionSize                         = 1048576                                   {product} {ergonomic}
    uintx GCDrainStackTargetSize                   = 64                                        {product} {ergonomic}
   size_t InitialHeapSize                          = 268435456                                 {product} {ergonomic}
   size_t MarkStackSize                            = 4194304                                   {product} {ergonomic}
   size_t MaxHeapSize                              = 4276092928                                {product} {ergonomic}
   size_t MinHeapDeltaBytes                        = 1048576                                   {product} {ergonomic}
   size_t MinHeapSize                              = 8388608                                   {product} {ergonomic}
    uintx NonNMethodCodeHeapSize                   = 5839372                                {pd product} {ergonomic}
    uintx NonProfiledCodeHeapSize                  = 122909434                              {pd product} {ergonomic}
    uintx ProfiledCodeHeapSize                     = 122909434                              {pd product} {ergonomic}
    uintx ReservedCodeCacheSize                    = 251658240                              {pd product} {ergonomic}
     bool SegmentedCodeCache                       = true                                      {product} {ergonomic}
   size_t SoftMaxHeapSize                          = 4276092928                             {manageable} {ergonomic}
     bool UseCompressedClassPointers               = true                                 {lp64_product} {ergonomic}
     bool UseCompressedOops                        = true                                 {lp64_product} {ergonomic}
     bool UseG1GC                                  = true                                      {product} {ergonomic}
     bool UseLargePagesIndividualAllocation        = false                                  {pd product} {ergonomic}

Logging:
Log output configuration:
 #0: stdout all=warning uptime,level,tags
 #1: stderr all=off uptime,level,tags

Environment Variables:
PATH=D:/Java/bin/server;D:/Java/bin;C:\Program Files (x86)\Razer\ChromaBroadcast\bin;C:\Program Files\Razer\ChromaBroadcast\bin;C:\Program Files (x86)\Common Files\Oracle\Java\javapath;C:\Program Files (x86)\Intel\Intel(R) Management Engine Components\iCLS\;C:\Program Files\Intel\Intel(R) Management Engine Components\iCLS\;C:\Windows\system32;C:\Windows;C:\Windows\System32\Wbem;C:\Windows\System32\WindowsPowerShell\v1.0\;C:\Windows\System32\OpenSSH\;C:\Program Files (x86)\Intel\Intel(R) Management Engine Components\DAL;C:\Program Files\Intel\Intel(R) Management Engine Components\DAL;C:\Program Files (x86)\Intel\Intel(R) Management Engine Components\IPT;C:\Program Files\Intel\Intel(R) Management Engine Components\IPT;C:\Program Files (x86)\NVIDIA Corporation\PhysX\Common;C:\Program Files\Intel\WiFi\bin\;C:\Program Files\Common Files\Intel\WirelessCommon\;C:\WINDOWS\system32;C:\WINDOWS;C:\WINDOWS\System32\Wbem;C:\WINDOWS\System32\WindowsPowerShell\v1.0\;C:\WINDOWS\System32\OpenSSH\;C:\WINDOWS\system32\config\systemprofile\AppData\Local\Microsoft\WindowsApps;C:\Program Files\dotnet\;D:\Program Files (x86)\Git\cmd;C:\Users\jicro\AppData\Local\Microsoft\WindowsApps;C:\Users\jicro\.dotnet\tools;D:\Program Files (x86)\Microsoft VS Code\bin;D:\Java\bin;;D:\eclipse\eclipse;
USERNAME=jicro
OS=Windows_NT
PROCESSOR_IDENTIFIER=Intel64 Family 6 Model 158 Stepping 10, GenuineIntel



---------------  S Y S T E M  ---------------

OS: Windows 10 , 64 bit Build 18362 (10.0.18362.1110)
OS uptime: 6 days 18:07 hours

CPU:total 12 (initial active 12) (6 cores per cpu, 2 threads per core) family 6 model 158 stepping 10, cmov, cx8, fxsr, mmx, sse, sse2, sse3, ssse3, sse4.1, sse4.2, popcnt, avx, avx2, aes, clmul, erms, 3dnowpref, lzcnt, ht, tsc, tscinvbit, bmi1, bmi2, adx, fma

Memory: 4k page, system-wide physical 16307M (7111M free)
TotalPageFile size 31371M (AvailPageFile size 125M)
current process WorkingSet (physical memory assigned to process): 10M, peak: 10M
current process commit charge ("private bytes"): 65M, peak: 321M

vm_info: Java HotSpot(TM) 64-Bit Server VM (14.0.2+12-46) for windows-amd64 JRE (14.0.2+12-46), built on Jul  9 2020 00:35:52 by "mach5one" with MS VC++ 15.9 (VS2017)

END.
